c:\mge\mge_v18_student_version\_vs2015\debug_static_build\vc141.pdb
c:\mge\mge_v18_student_version\_vs2015\debug_static_build\vc141.idb
c:\mge\mge_v18_student_version\_vs2015\debug_static_build\debughud.obj
c:\mge\mge_v18_student_version\_vs2015\debug_static_build\mgedemo.obj
c:\mge\mge_v18_student_version\_vs2015\debug_static_build\texturematerial.obj
c:\mge\mge_v18_student_version\_vs2015\debug_static_build\colormaterial.obj
c:\mge\mge_v18_student_version\_vs2015\debug_static_build\abstractmaterial.obj
c:\mge\mge_v18_student_version\_vs2015\debug_static_build\world.obj
c:\mge\mge_v18_student_version\_vs2015\debug_static_build\texture.obj
c:\mge\mge_v18_student_version\_vs2015\debug_static_build\shaderprogram.obj
c:\mge\mge_v18_student_version\_vs2015\debug_static_build\renderer.obj
c:\mge\mge_v18_student_version\_vs2015\debug_static_build\mesh.obj
c:\mge\mge_v18_student_version\_vs2015\debug_static_build\light.obj
c:\mge\mge_v18_student_version\_vs2015\debug_static_build\gameobject.obj
c:\mge\mge_v18_student_version\_vs2015\debug_static_build\camera.obj
c:\mge\mge_v18_student_version\_vs2015\debug_static_build\abstractgame.obj
c:\mge\mge_v18_student_version\_vs2015\debug_static_build\rotatingbehaviour.obj
c:\mge\mge_v18_student_version\_vs2015\debug_static_build\keysbehaviour.obj
c:\mge\mge_v18_student_version\_vs2015\debug_static_build\camerabehaviour.obj
c:\mge\mge_v18_student_version\_vs2015\debug_static_build\abstractbehaviour.obj
c:\mge\mge_v18_student_version\_vs2015\debug_static_build\main.obj
c:\mge\mge_v18_student_version\_vs2015\debug_static_build\statics.obj
c:\mge\mge_v18_student_version\_vs2015\debug_static_build\cubespawner.obj
c:\mge\mge_v18_student_version\_vs2015\debug_static_exe\mge.exe
c:\mge\mge_v18_student_version\_vs2015\debug_static_exe\mge.ilk
c:\mge\mge_v18_student_version\_vs2015\debug_static_exe\mge.pdb
c:\mge\mge_v18_student_version\_vs2015\debug_static_build\mge.tlog\cl.command.1.tlog
c:\mge\mge_v18_student_version\_vs2015\debug_static_build\mge.tlog\cl.read.1.tlog
c:\mge\mge_v18_student_version\_vs2015\debug_static_build\mge.tlog\cl.write.1.tlog
c:\mge\mge_v18_student_version\_vs2015\debug_static_build\mge.tlog\link.22328-cvtres.read.1.tlog
c:\mge\mge_v18_student_version\_vs2015\debug_static_build\mge.tlog\link.22328-cvtres.write.1.tlog
c:\mge\mge_v18_student_version\_vs2015\debug_static_build\mge.tlog\link.22328-rc.read.1.tlog
c:\mge\mge_v18_student_version\_vs2015\debug_static_build\mge.tlog\link.22328-rc.write.1.tlog
c:\mge\mge_v18_student_version\_vs2015\debug_static_build\mge.tlog\link.22328.read.1.tlog
c:\mge\mge_v18_student_version\_vs2015\debug_static_build\mge.tlog\link.22328.write.1.tlog
c:\mge\mge_v18_student_version\_vs2015\debug_static_build\mge.tlog\link.command.1.tlog
c:\mge\mge_v18_student_version\_vs2015\debug_static_build\mge.tlog\link.read.1.tlog
c:\mge\mge_v18_student_version\_vs2015\debug_static_build\mge.tlog\link.write.1.tlog
